<?xml version="1.0" encoding="UTF-8"?>
<coverage generated="1577668966435" clover="3.2.0">
  <project timestamp="1577668966435" name="All files">
    <metrics statements="43" coveredstatements="43" conditionals="20" coveredconditionals="20" methods="22" coveredmethods="22" elements="85" coveredelements="85" complexity="0" loc="43" ncloc="43" packages="1" files="2" classes="2">
      <file name="helpers.js" path="/home/tommy/src/outside-events/src/helpers.js">
        <metrics statements="30" coveredstatements="30" conditionals="16" coveredconditionals="16" methods="16" coveredmethods="16"/>
        <line num="1" count="2" type="stmt"/>
        <line num="2" count="82" type="cond" truecount="2" falsecount="0"/>
        <line num="3" count="19" type="stmt"/>
        <line num="6" count="63" type="cond" truecount="2" falsecount="0"/>
        <line num="7" count="1" type="stmt"/>
        <line num="10" count="62" type="cond" truecount="2" falsecount="0"/>
        <line num="11" count="1" type="stmt"/>
        <line num="14" count="61" type="stmt"/>
        <line num="17" count="11" type="stmt"/>
        <line num="18" count="23" type="stmt"/>
        <line num="20" count="23" type="cond" truecount="2" falsecount="0"/>
        <line num="21" count="20" type="stmt"/>
        <line num="25" count="2" type="stmt"/>
        <line num="26" count="3" type="cond" truecount="2" falsecount="0"/>
        <line num="27" count="1" type="stmt"/>
        <line num="30" count="2" type="stmt"/>
        <line num="31" count="2" type="cond" truecount="2" falsecount="0"/>
        <line num="32" count="1" type="stmt"/>
        <line num="33" count="1" type="stmt"/>
        <line num="38" count="2" type="stmt"/>
        <line num="39" count="3" type="cond" truecount="2" falsecount="0"/>
        <line num="40" count="1" type="stmt"/>
        <line num="43" count="2" type="stmt"/>
        <line num="44" count="2" type="cond" truecount="2" falsecount="0"/>
        <line num="45" count="1" type="stmt"/>
        <line num="46" count="1" type="stmt"/>
        <line num="51" count="8" type="stmt"/>
        <line num="52" count="1" type="stmt"/>
        <line num="53" count="2" type="stmt"/>
        <line num="54" count="2" type="stmt"/>
      </file>
      <file name="outside-events.js" path="/home/tommy/src/outside-events/src/outside-events.js">
        <metrics statements="13" coveredstatements="13" conditionals="4" coveredconditionals="4" methods="6" coveredmethods="6"/>
        <line num="10" count="7" type="stmt"/>
        <line num="11" count="7" type="stmt"/>
        <line num="12" count="7" type="stmt"/>
        <line num="14" count="7" type="stmt"/>
        <line num="20" count="7" type="stmt"/>
        <line num="21" count="9" type="stmt"/>
        <line num="22" count="9" type="stmt"/>
        <line num="23" count="9" type="stmt"/>
        <line num="30" count="7" type="stmt"/>
        <line num="31" count="2" type="cond" truecount="2" falsecount="0"/>
        <line num="32" count="2" type="cond" truecount="2" falsecount="0"/>
        <line num="34" count="2" type="stmt"/>
        <line num="35" count="2" type="stmt"/>
      </file>
    </metrics>
  </project>
</coverage>
