{"/Users/tmorgan/src/outside-events/src/helpers.js": {"path":"/Users/tmorgan/src/outside-events/src/helpers.js","statementMap":{"0":{"start":{"line":1,"column":32},"end":{"line":15,"column":1}},"1":{"start":{"line":2,"column":1},"end":{"line":4,"column":2}},"2":{"start":{"line":3,"column":2},"end":{"line":3,"column":14}},"3":{"start":{"line":6,"column":1},"end":{"line":8,"column":2}},"4":{"start":{"line":7,"column":2},"end":{"line":7,"column":15}},"5":{"start":{"line":10,"column":1},"end":{"line":12,"column":2}},"6":{"start":{"line":11,"column":2},"end":{"line":11,"column":15}},"7":{"start":{"line":14,"column":1},"end":{"line":14,"column":50}},"8":{"start":{"line":17,"column":32},"end":{"line":23,"column":1}},"9":{"start":{"line":17,"column":53},"end":{"line":23,"column":1}},"10":{"start":{"line":17,"column":71},"end":{"line":23,"column":1}},"11":{"start":{"line":18,"column":15},"end":{"line":18,"column":44}},"12":{"start":{"line":20,"column":1},"end":{"line":22,"column":2}},"13":{"start":{"line":21,"column":2},"end":{"line":21,"column":14}},"14":{"start":{"line":25,"column":30},"end":{"line":36,"column":1}},"15":{"start":{"line":26,"column":1},"end":{"line":28,"column":2}},"16":{"start":{"line":27,"column":2},"end":{"line":27,"column":15}},"17":{"start":{"line":30,"column":1},"end":{"line":35,"column":4}},"18":{"start":{"line":31,"column":2},"end":{"line":34,"column":3}},"19":{"start":{"line":32,"column":3},"end":{"line":33,"column":82}},"20":{"start":{"line":32,"column":28},"end":{"line":32,"column":43}},"21":{"start":{"line":33,"column":24},"end":{"line":33,"column":80}},"22":{"start":{"line":38,"column":28},"end":{"line":49,"column":1}},"23":{"start":{"line":39,"column":1},"end":{"line":41,"column":2}},"24":{"start":{"line":40,"column":2},"end":{"line":40,"column":15}},"25":{"start":{"line":43,"column":1},"end":{"line":48,"column":4}},"26":{"start":{"line":44,"column":2},"end":{"line":47,"column":3}},"27":{"start":{"line":45,"column":3},"end":{"line":46,"column":79}},"28":{"start":{"line":45,"column":28},"end":{"line":45,"column":43}},"29":{"start":{"line":46,"column":24},"end":{"line":46,"column":77}},"30":{"start":{"line":51,"column":33},"end":{"line":56,"column":1}},"31":{"start":{"line":51,"column":65},"end":{"line":56,"column":1}},"32":{"start":{"line":51,"column":81},"end":{"line":56,"column":1}},"33":{"start":{"line":52,"column":1},"end":{"line":55,"column":4}},"34":{"start":{"line":53,"column":2},"end":{"line":53,"column":36}},"35":{"start":{"line":54,"column":2},"end":{"line":54,"column":38}}},"fnMap":{"0":{"name":"(anonymous_0)","decl":{"start":{"line":1,"column":32},"end":{"line":1,"column":33}},"loc":{"start":{"line":1,"column":50},"end":{"line":15,"column":1}},"line":1},"1":{"name":"(anonymous_1)","decl":{"start":{"line":17,"column":32},"end":{"line":17,"column":33}},"loc":{"start":{"line":17,"column":53},"end":{"line":23,"column":1}},"line":17},"2":{"name":"(anonymous_2)","decl":{"start":{"line":17,"column":53},"end":{"line":17,"column":54}},"loc":{"start":{"line":17,"column":71},"end":{"line":23,"column":1}},"line":17},"3":{"name":"(anonymous_3)","decl":{"start":{"line":17,"column":71},"end":{"line":17,"column":72}},"loc":{"start":{"line":17,"column":78},"end":{"line":23,"column":1}},"line":17},"4":{"name":"(anonymous_4)","decl":{"start":{"line":25,"column":30},"end":{"line":25,"column":31}},"loc":{"start":{"line":25,"column":56},"end":{"line":36,"column":1}},"line":25},"5":{"name":"(anonymous_5)","decl":{"start":{"line":30,"column":55},"end":{"line":30,"column":56}},"loc":{"start":{"line":30,"column":65},"end":{"line":35,"column":2}},"line":30},"6":{"name":"(anonymous_6)","decl":{"start":{"line":32,"column":17},"end":{"line":32,"column":18}},"loc":{"start":{"line":32,"column":28},"end":{"line":32,"column":43}},"line":32},"7":{"name":"(anonymous_7)","decl":{"start":{"line":33,"column":13},"end":{"line":33,"column":14}},"loc":{"start":{"line":33,"column":24},"end":{"line":33,"column":80}},"line":33},"8":{"name":"(anonymous_8)","decl":{"start":{"line":38,"column":28},"end":{"line":38,"column":29}},"loc":{"start":{"line":38,"column":54},"end":{"line":49,"column":1}},"line":38},"9":{"name":"(anonymous_9)","decl":{"start":{"line":43,"column":53},"end":{"line":43,"column":54}},"loc":{"start":{"line":43,"column":63},"end":{"line":48,"column":2}},"line":43},"10":{"name":"(anonymous_10)","decl":{"start":{"line":45,"column":17},"end":{"line":45,"column":18}},"loc":{"start":{"line":45,"column":28},"end":{"line":45,"column":43}},"line":45},"11":{"name":"(anonymous_11)","decl":{"start":{"line":46,"column":13},"end":{"line":46,"column":14}},"loc":{"start":{"line":46,"column":24},"end":{"line":46,"column":77}},"line":46},"12":{"name":"(anonymous_12)","decl":{"start":{"line":51,"column":33},"end":{"line":51,"column":34}},"loc":{"start":{"line":51,"column":65},"end":{"line":56,"column":1}},"line":51},"13":{"name":"(anonymous_13)","decl":{"start":{"line":51,"column":65},"end":{"line":51,"column":66}},"loc":{"start":{"line":51,"column":81},"end":{"line":56,"column":1}},"line":51},"14":{"name":"(anonymous_14)","decl":{"start":{"line":51,"column":81},"end":{"line":51,"column":82}},"loc":{"start":{"line":51,"column":99},"end":{"line":56,"column":1}},"line":51},"15":{"name":"(anonymous_15)","decl":{"start":{"line":52,"column":18},"end":{"line":52,"column":19}},"loc":{"start":{"line":52,"column":32},"end":{"line":55,"column":2}},"line":52}},"branchMap":{"0":{"loc":{"start":{"line":2,"column":1},"end":{"line":4,"column":2}},"type":"if","locations":[{"start":{"line":2,"column":1},"end":{"line":4,"column":2}},{"start":{"line":2,"column":1},"end":{"line":4,"column":2}}],"line":2},"1":{"loc":{"start":{"line":6,"column":1},"end":{"line":8,"column":2}},"type":"if","locations":[{"start":{"line":6,"column":1},"end":{"line":8,"column":2}},{"start":{"line":6,"column":1},"end":{"line":8,"column":2}}],"line":6},"2":{"loc":{"start":{"line":10,"column":1},"end":{"line":12,"column":2}},"type":"if","locations":[{"start":{"line":10,"column":1},"end":{"line":12,"column":2}},{"start":{"line":10,"column":1},"end":{"line":12,"column":2}}],"line":10},"3":{"loc":{"start":{"line":20,"column":1},"end":{"line":22,"column":2}},"type":"if","locations":[{"start":{"line":20,"column":1},"end":{"line":22,"column":2}},{"start":{"line":20,"column":1},"end":{"line":22,"column":2}}],"line":20},"4":{"loc":{"start":{"line":26,"column":1},"end":{"line":28,"column":2}},"type":"if","locations":[{"start":{"line":26,"column":1},"end":{"line":28,"column":2}},{"start":{"line":26,"column":1},"end":{"line":28,"column":2}}],"line":26},"5":{"loc":{"start":{"line":31,"column":2},"end":{"line":34,"column":3}},"type":"if","locations":[{"start":{"line":31,"column":2},"end":{"line":34,"column":3}},{"start":{"line":31,"column":2},"end":{"line":34,"column":3}}],"line":31},"6":{"loc":{"start":{"line":39,"column":1},"end":{"line":41,"column":2}},"type":"if","locations":[{"start":{"line":39,"column":1},"end":{"line":41,"column":2}},{"start":{"line":39,"column":1},"end":{"line":41,"column":2}}],"line":39},"7":{"loc":{"start":{"line":44,"column":2},"end":{"line":47,"column":3}},"type":"if","locations":[{"start":{"line":44,"column":2},"end":{"line":47,"column":3}},{"start":{"line":44,"column":2},"end":{"line":47,"column":3}}],"line":44}},"s":{"0":2,"1":82,"2":19,"3":63,"4":1,"5":62,"6":1,"7":61,"8":2,"9":11,"10":11,"11":23,"12":23,"13":20,"14":2,"15":3,"16":1,"17":2,"18":2,"19":1,"20":1,"21":1,"22":2,"23":3,"24":1,"25":2,"26":2,"27":1,"28":1,"29":1,"30":2,"31":8,"32":8,"33":1,"34":2,"35":2},"f":{"0":82,"1":11,"2":11,"3":23,"4":3,"5":2,"6":1,"7":1,"8":3,"9":2,"10":1,"11":1,"12":8,"13":8,"14":1,"15":2},"b":{"0":[19,63],"1":[1,62],"2":[1,61],"3":[20,3],"4":[1,2],"5":[1,1],"6":[1,2],"7":[1,1]},"_coverageSchema":"332fd63041d2c1bcb487cc26dd0d5f7d97098a6c","hash":"50eebb5991bf75e0e9e75ce4debfb454f1aeef47"}
,"/Users/tmorgan/src/outside-events/src/outside-events.js": {"path":"/Users/tmorgan/src/outside-events/src/outside-events.js","statementMap":{"0":{"start":{"line":10,"column":1},"end":{"line":10,"column":19}},"1":{"start":{"line":11,"column":26},"end":{"line":11,"column":91}},"2":{"start":{"line":12,"column":18},"end":{"line":12,"column":56}},"3":{"start":{"line":14,"column":1},"end":{"line":18,"column":4}},"4":{"start":{"line":20,"column":1},"end":{"line":28,"column":3}},"5":{"start":{"line":21,"column":28},"end":{"line":21,"column":76}},"6":{"start":{"line":22,"column":2},"end":{"line":22,"column":53}},"7":{"start":{"line":23,"column":2},"end":{"line":27,"column":5}},"8":{"start":{"line":30,"column":1},"end":{"line":36,"column":3}},"9":{"start":{"line":31,"column":24},"end":{"line":31,"column":94}},"10":{"start":{"line":31,"column":55},"end":{"line":31,"column":93}},"11":{"start":{"line":32,"column":21},"end":{"line":32,"column":92}},"12":{"start":{"line":32,"column":52},"end":{"line":32,"column":91}},"13":{"start":{"line":34,"column":2},"end":{"line":34,"column":89}},"14":{"start":{"line":34,"column":31},"end":{"line":34,"column":87}},"15":{"start":{"line":35,"column":2},"end":{"line":35,"column":28}}},"fnMap":{"0":{"name":"(anonymous_0)","decl":{"start":{"line":9,"column":15},"end":{"line":9,"column":16}},"loc":{"start":{"line":9,"column":28},"end":{"line":37,"column":1}},"line":9},"1":{"name":"(anonymous_1)","decl":{"start":{"line":20,"column":25},"end":{"line":20,"column":26}},"loc":{"start":{"line":20,"column":45},"end":{"line":28,"column":2}},"line":20},"2":{"name":"(anonymous_2)","decl":{"start":{"line":30,"column":28},"end":{"line":30,"column":29}},"loc":{"start":{"line":30,"column":38},"end":{"line":36,"column":2}},"line":30},"3":{"name":"(anonymous_3)","decl":{"start":{"line":31,"column":44},"end":{"line":31,"column":45}},"loc":{"start":{"line":31,"column":55},"end":{"line":31,"column":93}},"line":31},"4":{"name":"(anonymous_4)","decl":{"start":{"line":32,"column":41},"end":{"line":32,"column":42}},"loc":{"start":{"line":32,"column":52},"end":{"line":32,"column":91}},"line":32},"5":{"name":"(anonymous_5)","decl":{"start":{"line":34,"column":20},"end":{"line":34,"column":21}},"loc":{"start":{"line":34,"column":31},"end":{"line":34,"column":87}},"line":34}},"branchMap":{"0":{"loc":{"start":{"line":31,"column":55},"end":{"line":31,"column":93}},"type":"binary-expr","locations":[{"start":{"line":31,"column":55},"end":{"line":31,"column":70}},{"start":{"line":31,"column":74},"end":{"line":31,"column":93}}],"line":31},"1":{"loc":{"start":{"line":32,"column":52},"end":{"line":32,"column":91}},"type":"binary-expr","locations":[{"start":{"line":32,"column":52},"end":{"line":32,"column":68}},{"start":{"line":32,"column":72},"end":{"line":32,"column":91}}],"line":32}},"s":{"0":7,"1":7,"2":7,"3":7,"4":7,"5":9,"6":9,"7":9,"8":7,"9":2,"10":2,"11":2,"12":2,"13":2,"14":1,"15":2},"f":{"0":7,"1":9,"2":2,"3":2,"4":2,"5":1},"b":{"0":[2,2],"1":[2,2]},"_coverageSchema":"332fd63041d2c1bcb487cc26dd0d5f7d97098a6c","hash":"4fb430ae36e1d777b8660478753d93da2bd671eb"}
}
