TN:
SF:/home/tommy/src/outside-events/src/helpers.js
FN:1,(anonymous_0)
FN:17,(anonymous_1)
FN:17,(anonymous_2)
FN:17,(anonymous_3)
FN:25,(anonymous_4)
FN:30,(anonymous_5)
FN:32,(anonymous_6)
FN:33,(anonymous_7)
FN:38,(anonymous_8)
FN:43,(anonymous_9)
FN:45,(anonymous_10)
FN:46,(anonymous_11)
FN:51,(anonymous_12)
FN:51,(anonymous_13)
FN:51,(anonymous_14)
FN:52,(anonymous_15)
FNF:16
FNH:16
FNDA:82,(anonymous_0)
FNDA:11,(anonymous_1)
FNDA:11,(anonymous_2)
FNDA:23,(anonymous_3)
FNDA:3,(anonymous_4)
FNDA:2,(anonymous_5)
FNDA:1,(anonymous_6)
FNDA:1,(anonymous_7)
FNDA:3,(anonymous_8)
FNDA:2,(anonymous_9)
FNDA:1,(anonymous_10)
FNDA:1,(anonymous_11)
FNDA:8,(anonymous_12)
FNDA:8,(anonymous_13)
FNDA:1,(anonymous_14)
FNDA:2,(anonymous_15)
DA:1,2
DA:2,82
DA:3,19
DA:6,63
DA:7,1
DA:10,62
DA:11,1
DA:14,61
DA:17,11
DA:18,23
DA:20,23
DA:21,20
DA:25,2
DA:26,3
DA:27,1
DA:30,2
DA:31,2
DA:32,1
DA:33,1
DA:38,2
DA:39,3
DA:40,1
DA:43,2
DA:44,2
DA:45,1
DA:46,1
DA:51,8
DA:52,1
DA:53,2
DA:54,2
LF:30
LH:30
BRDA:2,0,0,19
BRDA:2,0,1,63
BRDA:6,1,0,1
BRDA:6,1,1,62
BRDA:10,2,0,1
BRDA:10,2,1,61
BRDA:20,3,0,20
BRDA:20,3,1,3
BRDA:26,4,0,1
BRDA:26,4,1,2
BRDA:31,5,0,1
BRDA:31,5,1,1
BRDA:39,6,0,1
BRDA:39,6,1,2
BRDA:44,7,0,1
BRDA:44,7,1,1
BRF:16
BRH:16
end_of_record
TN:
SF:/home/tommy/src/outside-events/src/outside-events.js
FN:9,(anonymous_0)
FN:20,(anonymous_1)
FN:30,(anonymous_2)
FN:31,(anonymous_3)
FN:32,(anonymous_4)
FN:34,(anonymous_5)
FNF:6
FNH:6
FNDA:7,(anonymous_0)
FNDA:9,(anonymous_1)
FNDA:2,(anonymous_2)
FNDA:2,(anonymous_3)
FNDA:2,(anonymous_4)
FNDA:1,(anonymous_5)
DA:10,7
DA:11,7
DA:12,7
DA:14,7
DA:20,7
DA:21,9
DA:22,9
DA:23,9
DA:30,7
DA:31,2
DA:32,2
DA:34,2
DA:35,2
LF:13
LH:13
BRDA:31,0,0,2
BRDA:31,0,1,2
BRDA:32,1,0,2
BRDA:32,1,1,2
BRF:4
BRH:4
end_of_record
